<?xml version="1.0" encoding="UTF-8"?>
<!-- Generated by org.testng.reporters.JUnitXMLReporter -->
<testsuite hostname="HYD-LAP-0646" ignored="1" name="User Tests" tests="8" failures="0" timestamp="2020-05-08T18:45:08 IST" time="10.391" errors="0">
  <testcase name="createUser" time="2.47" classname="com.user.tests.UserPostTest"/>
  <testcase name="getAllUserName" time="1.194" classname="com.user.tests.UserGetTest"/>
  <testcase name="getSingleUser" time="0.869" classname="com.user.tests.UserGetTest"/>
  <testcase name="getSingleYearForUser" time="0.889" classname="com.user.tests.UserGetTest"/>
  <testcase name="getUsersPage" time="0.894" classname="com.user.tests.UserGetTest"/>
  <testcase name="getAllUsersInformation" time="1.718" classname="com.user.tests.UserGetTest"/>
  <testcase name="registerUnsuccessful" time="0.909" classname="com.user.tests.UserPostTest"/>
  <testcase name="getSingleUserName" time="0.908" classname="com.user.tests.UserGetTest"/>
  <testcase name="getSingleUser1" time="0.0" classname="com.user.tests.UserGetTest">
    <ignored/>
  </testcase> <!-- getSingleUser1 -->
</testsuite> <!-- User Tests -->
